2019-12-27 03:04:52 - Starting Flightreservation1Application on DESKTOP-9QP8CU1 with PID 7256 (D:\My-WorkSpace\flightreservation-1\target\classes started by King_Lap in D:\My-WorkSpace\flightreservation-1)
2019-12-27 03:04:52 - No active profile set, falling back to default profiles: default
2019-12-27 03:04:55 - Bootstrapping Spring Data JPA repositories in DEFAULT mode.
2019-12-27 03:04:55 - Finished Spring Data repository scanning in 180ms. Found 4 JPA repository interfaces.
2019-12-27 03:04:56 - Bean 'org.springframework.transaction.annotation.ProxyTransactionManagementConfiguration' of type [org.springframework.transaction.annotation.ProxyTransactionManagementConfiguration] is not eligible for getting processed by all BeanPostProcessors (for example: not eligible for auto-proxying)
2019-12-27 03:04:57 - Tomcat initialized with port(s): 8080 (http)
2019-12-27 03:04:57 - Initializing ProtocolHandler ["http-nio-8080"]
2019-12-27 03:04:57 - Starting service [Tomcat]
2019-12-27 03:04:57 - Starting Servlet engine: [Apache Tomcat/9.0.29]
2019-12-27 03:04:57 - At least one JAR was scanned for TLDs yet contained no TLDs. Enable debug logging for this logger for a complete list of JARs that were scanned but no TLDs were found in them. Skipping unneeded JARs during scanning can improve startup time and JSP compilation time.
2019-12-27 03:04:57 - Initializing Spring embedded WebApplicationContext
2019-12-27 03:04:57 - Root WebApplicationContext: initialization completed in 4908 ms
2019-12-27 03:04:58 - HikariPool-1 - Starting...
2019-12-27 03:04:59 - HikariPool-1 - Start completed.
2019-12-27 03:04:59 - HHH000204: Processing PersistenceUnitInfo [name: default]
2019-12-27 03:05:00 - HHH000412: Hibernate Core {5.4.9.Final}
2019-12-27 03:05:00 - HCANN000001: Hibernate Commons Annotations {5.1.0.Final}
2019-12-27 03:05:01 - HHH000400: Using dialect: org.hibernate.dialect.MySQL8Dialect
2019-12-27 03:05:05 - HHH000490: Using JtaPlatform implementation: [org.hibernate.engine.transaction.jta.platform.internal.NoJtaPlatform]
2019-12-27 03:05:05 - Initialized JPA EntityManagerFactory for persistence unit 'default'
2019-12-27 03:05:07 - spring.jpa.open-in-view is enabled by default. Therefore, database queries may be performed during view rendering. Explicitly configure spring.jpa.open-in-view to disable this warning
2019-12-27 03:05:07 - Initializing ExecutorService 'applicationTaskExecutor'
2019-12-27 03:05:07 - Adding welcome page: ServletContext resource [/index.html]
2019-12-27 03:05:08 - Starting ProtocolHandler ["http-nio-8080"]
2019-12-27 03:05:08 - Tomcat started on port(s): 8080 (http) with context path '/flightreservation'
2019-12-27 03:05:08 - Started Flightreservation1Application in 16.701 seconds (JVM running for 19.072)
2019-12-27 03:05:59 - Application shutdown requested.
2019-12-27 03:05:59 - Shutting down ExecutorService 'applicationTaskExecutor'
2019-12-27 03:05:59 - Closing JPA EntityManagerFactory for persistence unit 'default'
2019-12-27 03:05:59 - HikariPool-1 - Shutdown initiated...
2019-12-27 03:05:59 - HikariPool-1 - Shutdown completed.
